<?xml version="1.0" encoding="UTF-8"?>
<testng-results skipped="0" failed="0" ignored="0" total="1" passed="1">
  <reporter-output>
  </reporter-output>
  <suite name="Suite" duration-ms="68131" started-at="2018-12-21T14:50:49Z" finished-at="2018-12-21T14:51:57Z">
    <groups>
    </groups>
    <test name="Test" duration-ms="68131" started-at="2018-12-21T14:50:49Z" finished-at="2018-12-21T14:51:57Z">
      <class name="scripts.ExecutionFile">
        <test-method status="PASS" signature="getDriver()[pri:0, instance:scripts.ExecutionFile@c8afef]" name="getDriver" is-config="true" duration-ms="38191" started-at="2018-12-21T14:50:49Z" finished-at="2018-12-21T14:51:27Z">
          <reporter-output>
          </reporter-output>
        </test-method> <!-- getDriver -->
        <test-method status="PASS" signature="test()[pri:0, instance:scripts.ExecutionFile@c8afef]" name="test" duration-ms="29779" started-at="2018-12-21T14:51:27Z" finished-at="2018-12-21T14:51:57Z">
          <reporter-output>
          </reporter-output>
        </test-method> <!-- test -->
      </class> <!-- scripts.ExecutionFile -->
    </test> <!-- Test -->
  </suite> <!-- Suite -->
</testng-results>
